# JRE version: OpenJDK Runtime Environment (11.0.8) (build 11.0.8+0-b944-P17168821)
# Java VM: OpenJDK 64-Bit Server VM (11.0.8+0-b944-6842174, mixed mode, tiered, compressed oops, g1 gc, linux-amd64)
Heap:
 garbage-first heap   total 183296K, used 103554K [0x0000000080000000, 0x0000000100000000)
  region size 1024K, 27 young (27648K), 1 survivors (1024K)
 Metaspace       used 118090K, capacity 122146K, committed 122368K, reserved 1155072K
  class space    used 14369K, capacity 15761K, committed 15872K, reserved 1048576K
GC Heap History (20 events):
Event: 1689.411 GC heap before
{Heap before GC invocations=151 (full 0):
 garbage-first heap   total 183296K, used 148344K [0x0000000080000000, 0x0000000100000000)
  region size 1024K, 60 young (61440K), 1 survivors (1024K)
 Metaspace       used 117873K, capacity 122008K, committed 122368K, reserved 1155072K
  class space    used 14368K, capacity 15761K, committed 15872K, reserved 1048576K
}
Event: 1689.416 GC heap after
{Heap after GC invocations=152 (full 0):
 garbage-first heap   total 183296K, used 84765K [0x0000000080000000, 0x0000000100000000)
  region size 1024K, 5 young (5120K), 5 survivors (5120K)
 Metaspace       used 117873K, capacity 122008K, committed 122368K, reserved 1155072K
  class space    used 14368K, capacity 15761K, committed 15872K, reserved 1048576K
}
Event: 1689.467 GC heap before
{Heap before GC invocations=152 (full 0):
 garbage-first heap   total 183296K, used 107293K [0x0000000080000000, 0x0000000100000000)
  region size 1024K, 28 young (28672K), 5 survivors (5120K)
 Metaspace       used 117881K, capacity 122010K, committed 122368K, reserved 1155072K
  class space    used 14368K, capacity 15761K, committed 15872K, reserved 1048576K
}
Event: 1689.474 GC heap after
{Heap after GC invocations=153 (full 0):
 garbage-first heap   total 183296K, used 86745K [0x0000000080000000, 0x0000000100000000)
  region size 1024K, 3 young (3072K), 3 survivors (3072K)
 Metaspace       used 117881K, capacity 122010K, committed 122368K, reserved 1155072K
  class space    used 14368K, capacity 15761K, committed 15872K, reserved 1048576K
}
Event: 1689.769 GC heap before
{Heap before GC invocations=154 (full 0):
 garbage-first heap   total 183296K, used 136921K [0x0000000080000000, 0x0000000100000000)
  region size 1024K, 51 young (52224K), 3 survivors (3072K)
 Metaspace       used 117899K, capacity 122011K, committed 122368K, reserved 1155072K
  class space    used 14368K, capacity 15761K, committed 15872K, reserved 1048576K
}
Event: 1689.776 GC heap after
{Heap after GC invocations=155 (full 0):
 garbage-first heap   total 183296K, used 88451K [0x0000000080000000, 0x0000000100000000)
  region size 1024K, 2 young (2048K), 2 survivors (2048K)
 Metaspace       used 117899K, capacity 122011K, committed 122368K, reserved 1155072K
  class space    used 14368K, capacity 15761K, committed 15872K, reserved 1048576K
}
Event: 1689.785 GC heap before
{Heap before GC invocations=155 (full 0):
 garbage-first heap   total 183296K, used 93571K [0x0000000080000000, 0x0000000100000000)
  region size 1024K, 8 young (8192K), 2 survivors (2048K)
 Metaspace       used 117899K, capacity 122011K, committed 122368K, reserved 1155072K
  class space    used 14368K, capacity 15761K, committed 15872K, reserved 1048576K
}
Event: 1689.789 GC heap after
{Heap after GC invocations=156 (full 0):
 garbage-first heap   total 183296K, used 80580K [0x0000000080000000, 0x0000000100000000)
  region size 1024K, 1 young (1024K), 1 survivors (1024K)
 Metaspace       used 117899K, capacity 122011K, committed 122368K, reserved 1155072K
  class space    used 14368K, capacity 15761K, committed 15872K, reserved 1048576K
}
Event: 1689.850 GC heap before
{Heap before GC invocations=156 (full 0):
 garbage-first heap   total 183296K, used 110276K [0x0000000080000000, 0x0000000100000000)
  region size 1024K, 32 young (32768K), 1 survivors (1024K)
 Metaspace       used 117932K, capacity 122013K, committed 122368K, reserved 1155072K
  class space    used 14368K, capacity 15761K, committed 15872K, reserved 1048576K
}
Event: 1689.855 GC heap after
{Heap after GC invocations=157 (full 0):
 garbage-first heap   total 183296K, used 81069K [0x0000000080000000, 0x0000000100000000)
  region size 1024K, 1 young (1024K), 1 survivors (1024K)
 Metaspace       used 117932K, capacity 122013K, committed 122368K, reserved 1155072K
  class space    used 14368K, capacity 15761K, committed 15872K, reserved 1048576K
}
Event: 1726.547 GC heap before
{Heap before GC invocations=158 (full 0):
 garbage-first heap   total 183296K, used 146605K [0x0000000080000000, 0x0000000100000000)
  region size 1024K, 58 young (59392K), 1 survivors (1024K)
 Metaspace       used 117990K, capacity 122079K, committed 122368K, reserved 1155072K
  class space    used 14368K, capacity 15761K, committed 15872K, reserved 1048576K
}
Event: 1726.735 GC heap after
{Heap after GC invocations=159 (full 0):
 garbage-first heap   total 183296K, used 84926K [0x0000000080000000, 0x0000000100000000)
  region size 1024K, 5 young (5120K), 5 survivors (5120K)
 Metaspace       used 117990K, capacity 122079K, committed 122368K, reserved 1155072K
  class space    used 14368K, capacity 15761K, committed 15872K, reserved 1048576K
}
Event: 1909.451 GC heap before
{Heap before GC invocations=159 (full 0):
 garbage-first heap   total 183296K, used 141246K [0x0000000080000000, 0x0000000100000000)
  region size 1024K, 61 young (62464K), 5 survivors (5120K)
 Metaspace       used 117995K, capacity 122079K, committed 122368K, reserved 1155072K
  class space    used 14369K, capacity 15761K, committed 15872K, reserved 1048576K
}
Event: 1910.872 GC heap after
{Heap after GC invocations=160 (full 0):
 garbage-first heap   total 183296K, used 81661K [0x0000000080000000, 0x0000000100000000)
  region size 1024K, 1 young (1024K), 1 survivors (1024K)
 Metaspace       used 117995K, capacity 122079K, committed 122368K, reserved 1155072K
  class space    used 14369K, capacity 15761K, committed 15872K, reserved 1048576K
}
Event: 1967.730 GC heap before
{Heap before GC invocations=161 (full 0):
 garbage-first heap   total 183296K, used 87805K [0x0000000080000000, 0x0000000100000000)
  region size 1024K, 8 young (8192K), 1 survivors (1024K)
 Metaspace       used 118001K, capacity 122079K, committed 122368K, reserved 1155072K
  class space    used 14369K, capacity 15761K, committed 15872K, reserved 1048576K
}
Event: 1967.733 GC heap after
{Heap after GC invocations=162 (full 0):
 garbage-first heap   total 183296K, used 82219K [0x0000000080000000, 0x0000000100000000)
  region size 1024K, 1 young (1024K), 1 survivors (1024K)
 Metaspace       used 118001K, capacity 122079K, committed 122368K, reserved 1155072K
  class space    used 14369K, capacity 15761K, committed 15872K, reserved 1048576K
}
Event: 1967.823 GC heap before
{Heap before GC invocations=162 (full 0):
 garbage-first heap   total 183296K, used 88363K [0x0000000080000000, 0x0000000100000000)
  region size 1024K, 8 young (8192K), 1 survivors (1024K)
 Metaspace       used 118001K, capacity 122079K, committed 122368K, reserved 1155072K
  class space    used 14369K, capacity 15761K, committed 15872K, reserved 1048576K
}
Event: 1967.826 GC heap after
{Heap after GC invocations=163 (full 0):
 garbage-first heap   total 183296K, used 78203K [0x0000000080000000, 0x0000000100000000)
  region size 1024K, 1 young (1024K), 1 survivors (1024K)
 Metaspace       used 118001K, capacity 122079K, committed 122368K, reserved 1155072K
  class space    used 14369K, capacity 15761K, committed 15872K, reserved 1048576K
}
Event: 1968.275 GC heap before
{Heap before GC invocations=163 (full 0):
 garbage-first heap   total 183296K, used 85371K [0x0000000080000000, 0x0000000100000000)
  region size 1024K, 8 young (8192K), 1 survivors (1024K)
 Metaspace       used 118021K, capacity 122079K, committed 122368K, reserved 1155072K
  class space    used 14369K, capacity 15761K, committed 15872K, reserved 1048576K
}
Event: 1968.278 GC heap after
{Heap after GC invocations=164 (full 0):
 garbage-first heap   total 183296K, used 78978K [0x0000000080000000, 0x0000000100000000)
  region size 1024K, 1 young (1024K), 1 survivors (1024K)
 Metaspace       used 118021K, capacity 122079K, committed 122368K, reserved 1155072K
  class space    used 14369K, capacity 15761K, committed 15872K, reserved 1048576K
}

